

============================== 2023-01-23 09:03:01.607542 | 0bddfc32-405a-4be1-87f0-75043cfc8e67 ==============================
[0m09:03:01.607542 [info ] [MainThread]: Running with dbt=1.3.2
[0m09:03:01.607542 [debug] [MainThread]: running dbt with arguments {'write_json': True, 'use_colors': True, 'printer_width': 80, 'version_check': True, 'partial_parse': True, 'static_parser': True, 'profiles_dir': 'C:\\Users\\sunda\\.dbt', 'send_anonymous_usage_stats': True, 'event_buffer_size': 100000, 'quiet': False, 'no_print': False, 'cache_selected_only': False, 'project_name': 'dbt_demo', 'skip_profile_setup': False, 'which': 'init', 'indirect_selection': 'eager'}
[0m09:03:01.607542 [debug] [MainThread]: Tracking: tracking
[0m09:03:01.634439 [debug] [MainThread]: Sending event: {'category': 'dbt', 'action': 'invocation', 'label': 'start', 'context': [<snowplow_tracker.self_describing_json.SelfDescribingJson object at 0x000002D709D9A710>, <snowplow_tracker.self_describing_json.SelfDescribingJson object at 0x000002D709D9B280>, <snowplow_tracker.self_describing_json.SelfDescribingJson object at 0x000002D709D9AD70>]}
[0m09:03:01.634439 [info ] [MainThread]: Creating dbt configuration folder at C:\Users\sunda\.dbt
[0m09:03:01.634439 [debug] [MainThread]: Starter project path: C:\Users\sunda\AppData\Local\Packages\PythonSoftwareFoundation.Python.3.10_qbz5n2kfra8p0\LocalCache\local-packages\Python310\site-packages\dbt\include\starter_project
[0m09:05:53.541796 [info ] [MainThread]: Profile dbt_demo written to C:\Users\sunda\.dbt\profiles.yml using target's profile_template.yml and your supplied values. Run 'dbt debug' to validate the connection.
[0m09:05:53.543792 [info ] [MainThread]: 
Your new dbt project "dbt_demo" was created!

For more information on how to configure the profiles.yml file,
please consult the dbt documentation here:

  https://docs.getdbt.com/docs/configure-your-profile

One more thing:

Need help? Don't hesitate to reach out to us via GitHub issues or on Slack:

  https://community.getdbt.com/

Happy modeling!

[0m09:05:53.554878 [debug] [MainThread]: Sending event: {'category': 'dbt', 'action': 'invocation', 'label': 'end', 'context': [<snowplow_tracker.self_describing_json.SelfDescribingJson object at 0x000002D709D9B0D0>, <snowplow_tracker.self_describing_json.SelfDescribingJson object at 0x000002D709D9B1F0>, <snowplow_tracker.self_describing_json.SelfDescribingJson object at 0x000002D709D9B400>]}
[0m09:05:53.555340 [debug] [MainThread]: Flushing usage events


============================== 2023-01-23 09:06:37.273887 | ca2f05d3-2d0f-493f-8a69-09124e025a0b ==============================
[0m09:06:37.273887 [info ] [MainThread]: Running with dbt=1.3.2
[0m09:06:37.273887 [debug] [MainThread]: running dbt with arguments {'write_json': True, 'use_colors': True, 'printer_width': 80, 'version_check': True, 'partial_parse': True, 'static_parser': True, 'profiles_dir': 'C:\\Users\\sunda\\.dbt', 'send_anonymous_usage_stats': True, 'event_buffer_size': 100000, 'quiet': False, 'no_print': False, 'cache_selected_only': False, 'config_dir': False, 'which': 'debug', 'indirect_selection': 'eager'}
[0m09:06:37.273887 [debug] [MainThread]: Tracking: tracking
[0m09:06:37.298835 [debug] [MainThread]: Sending event: {'category': 'dbt', 'action': 'invocation', 'label': 'start', 'context': [<snowplow_tracker.self_describing_json.SelfDescribingJson object at 0x000001ACBAF9A8C0>, <snowplow_tracker.self_describing_json.SelfDescribingJson object at 0x000001ACBAF98580>, <snowplow_tracker.self_describing_json.SelfDescribingJson object at 0x000001ACBAF9A3E0>]}
[0m09:06:38.139964 [debug] [MainThread]: Executing "git --help"
[0m09:06:38.216759 [debug] [MainThread]: STDOUT: "b"usage: git [-v | --version] [-h | --help] [-C <path>] [-c <name>=<value>]\n           [--exec-path[=<path>]] [--html-path] [--man-path] [--info-path]\n           [-p | --paginate | -P | --no-pager] [--no-replace-objects] [--bare]\n           [--git-dir=<path>] [--work-tree=<path>] [--namespace=<name>]\n           [--super-prefix=<path>] [--config-env=<name>=<envvar>]\n           <command> [<args>]\n\nThese are common Git commands used in various situations:\n\nstart a working area (see also: git help tutorial)\n   clone     Clone a repository into a new directory\n   init      Create an empty Git repository or reinitialize an existing one\n\nwork on the current change (see also: git help everyday)\n   add       Add file contents to the index\n   mv        Move or rename a file, a directory, or a symlink\n   restore   Restore working tree files\n   rm        Remove files from the working tree and from the index\n\nexamine the history and state (see also: git help revisions)\n   bisect    Use binary search to find the commit that introduced a bug\n   diff      Show changes between commits, commit and working tree, etc\n   grep      Print lines matching a pattern\n   log       Show commit logs\n   show      Show various types of objects\n   status    Show the working tree status\n\ngrow, mark and tweak your common history\n   branch    List, create, or delete branches\n   commit    Record changes to the repository\n   merge     Join two or more development histories together\n   rebase    Reapply commits on top of another base tip\n   reset     Reset current HEAD to the specified state\n   switch    Switch branches\n   tag       Create, list, delete or verify a tag object signed with GPG\n\ncollaborate (see also: git help workflows)\n   fetch     Download objects and refs from another repository\n   pull      Fetch from and integrate with another repository or a local branch\n   push      Update remote refs along with associated objects\n\n'git help -a' and 'git help -g' list available subcommands and some\nconcept guides. See 'git help <command>' or 'git help <concept>'\nto read about a specific subcommand or concept.\nSee 'git help git' for an overview of the system.\n""
[0m09:06:38.216759 [debug] [MainThread]: STDERR: "b''"
[0m09:06:38.222052 [debug] [MainThread]: Acquiring new snowflake connection "debug"
[0m09:06:38.222052 [debug] [MainThread]: Using snowflake connection "debug"
[0m09:06:38.222052 [debug] [MainThread]: On debug: select 1 as id
[0m09:06:38.222052 [debug] [MainThread]: Opening a new connection, currently in state init
[0m09:06:40.335768 [debug] [MainThread]: SQL status: SUCCESS 1 in 2.11 seconds
[0m09:06:40.335768 [debug] [MainThread]: On debug: Close
[0m09:06:40.840416 [debug] [MainThread]: Sending event: {'category': 'dbt', 'action': 'invocation', 'label': 'end', 'context': [<snowplow_tracker.self_describing_json.SelfDescribingJson object at 0x000001ACCAC5E230>, <snowplow_tracker.self_describing_json.SelfDescribingJson object at 0x000001ACCBAA9480>, <snowplow_tracker.self_describing_json.SelfDescribingJson object at 0x000001ACCB6A0460>]}
[0m09:06:40.842213 [debug] [MainThread]: Flushing usage events
[0m09:06:41.987639 [debug] [MainThread]: Connection 'debug' was properly closed.
